Base path: C:/Program Files/Unity/Editor/Data
Cmd: initializeCompiler
Cmd: compileComputeKernel
  error: 1 plat 4 at RayTracingShader.compute(119): integer modulus may be much slower, try using uints if possible.
  api=4 insize=5223 outsize=4733 ok=1
Cmd: compileComputeKernel
  error: 1 plat 4 at RayTracingShader.compute(119): integer modulus may be much slower, try using uints if possible.
  api=4 insize=5223 outsize=5697 ok=1
Cmd: compileComputeKernel
  error: 1 plat 4 at RayTracingShader.compute(119): integer modulus may be much slower, try using uints if possible.
  api=4 insize=5223 outsize=5657 ok=1
Cmd: compileComputeKernel
  error: 1 plat 4 at RayTracingShader.compute(119): integer modulus may be much slower, try using uints if possible.
  api=4 insize=5223 outsize=4733 ok=1
Cmd: compileComputeKernel
  error: 1 plat 4 at RayTracingShader.compute(119): integer modulus may be much slower, try using uints if possible.
  api=4 insize=5223 outsize=4733 ok=1
Cmd: compileComputeKernel
  error: 1 plat 4 at RayTracingShader.compute(119): integer modulus may be much slower, try using uints if possible.
  api=4 insize=5237 outsize=4733 ok=1
Cmd: compileComputeKernel
  error: 1 plat 4 at RayTracingShader.compute(119): integer modulus may be much slower, try using uints if possible.
  api=4 insize=5236 outsize=4733 ok=1
Cmd: compileComputeKernel
  error: 1 plat 4 at RayTracingShader.compute(119): integer modulus may be much slower, try using uints if possible.
  api=4 insize=5228 outsize=5709 ok=1
Cmd: compileComputeKernel
  api=4 insize=5089 outsize=4733 ok=1
Cmd: compileComputeKernel
  error: 2 plat 4 at RayTracingShader.compute(123): 'IntersectSphere': no matching 0 parameter function
  error: 2 plat 4 at RayTracingShader.compute(123): syntax error: unexpected token 'f'
  api=4 insize=5141 outsize=0 ok=0
Cmd: initializeCompiler
Cmd: compileComputeKernel
  api=4 insize=5160 outsize=5505 ok=1
Cmd: compileComputeKernel
  api=4 insize=5161 outsize=5505 ok=1
Cmd: compileComputeKernel
  api=4 insize=5195 outsize=5561 ok=1
